<?xml version="1.0" encoding="UTF-8"?>
<testsuite xmlns:xsi="http://www.w3.org/2001/XMLSchema-instance" xsi:noNamespaceSchemaLocation="https://maven.apache.org/surefire/maven-surefire-plugin/xsd/surefire-test-report.xsd" name="com.example.hrdev.HrDevApplicationTests" time="8.079" tests="1" errors="0" skipped="0" failures="0">
  <properties>
    <property name="sun.desktop" value="windows"/>
    <property name="awt.toolkit" value="sun.awt.windows.WToolkit"/>
    <property name="file.encoding.pkg" value="sun.io"/>
    <property name="java.specification.version" value="1.8"/>
    <property name="sun.cpu.isalist" value="amd64"/>
    <property name="sun.jnu.encoding" value="GBK"/>
    <property name="java.class.path" value="D:\xm\wansi\xiangmu\idea\hrdev\target\test-classes;D:\xm\wansi\xiangmu\idea\hrdev\target\classes;F:\mvnrepo\org\springframework\boot\spring-boot-starter-thymeleaf\2.2.2.RELEASE\spring-boot-starter-thymeleaf-2.2.2.RELEASE.jar;F:\mvnrepo\org\springframework\boot\spring-boot-starter\2.2.2.RELEASE\spring-boot-starter-2.2.2.RELEASE.jar;F:\mvnrepo\org\springframework\boot\spring-boot-starter-logging\2.2.2.RELEASE\spring-boot-starter-logging-2.2.2.RELEASE.jar;F:\mvnrepo\ch\qos\logback\logback-classic\1.2.3\logback-classic-1.2.3.jar;F:\mvnrepo\ch\qos\logback\logback-core\1.2.3\logback-core-1.2.3.jar;F:\mvnrepo\org\apache\logging\log4j\log4j-to-slf4j\2.12.1\log4j-to-slf4j-2.12.1.jar;F:\mvnrepo\org\apache\logging\log4j\log4j-api\2.12.1\log4j-api-2.12.1.jar;F:\mvnrepo\org\slf4j\jul-to-slf4j\1.7.29\jul-to-slf4j-1.7.29.jar;F:\mvnrepo\jakarta\annotation\jakarta.annotation-api\1.3.5\jakarta.annotation-api-1.3.5.jar;F:\mvnrepo\org\yaml\snakeyaml\1.25\snakeyaml-1.25.jar;F:\mvnrepo\org\thymeleaf\thymeleaf-spring5\3.0.11.RELEASE\thymeleaf-spring5-3.0.11.RELEASE.jar;F:\mvnrepo\org\thymeleaf\thymeleaf\3.0.11.RELEASE\thymeleaf-3.0.11.RELEASE.jar;F:\mvnrepo\org\attoparser\attoparser\2.0.5.RELEASE\attoparser-2.0.5.RELEASE.jar;F:\mvnrepo\org\unbescape\unbescape\1.1.6.RELEASE\unbescape-1.1.6.RELEASE.jar;F:\mvnrepo\org\slf4j\slf4j-api\1.7.29\slf4j-api-1.7.29.jar;F:\mvnrepo\org\thymeleaf\extras\thymeleaf-extras-java8time\3.0.4.RELEASE\thymeleaf-extras-java8time-3.0.4.RELEASE.jar;F:\mvnrepo\org\springframework\boot\spring-boot-starter-web\2.2.2.RELEASE\spring-boot-starter-web-2.2.2.RELEASE.jar;F:\mvnrepo\org\springframework\boot\spring-boot-starter-json\2.2.2.RELEASE\spring-boot-starter-json-2.2.2.RELEASE.jar;F:\mvnrepo\com\fasterxml\jackson\core\jackson-databind\2.10.1\jackson-databind-2.10.1.jar;F:\mvnrepo\com\fasterxml\jackson\core\jackson-annotations\2.10.1\jackson-annotations-2.10.1.jar;F:\mvnrepo\com\fasterxml\jackson\core\jackson-core\2.10.1\jackson-core-2.10.1.jar;F:\mvnrepo\com\fasterxml\jackson\datatype\jackson-datatype-jdk8\2.10.1\jackson-datatype-jdk8-2.10.1.jar;F:\mvnrepo\com\fasterxml\jackson\datatype\jackson-datatype-jsr310\2.10.1\jackson-datatype-jsr310-2.10.1.jar;F:\mvnrepo\com\fasterxml\jackson\module\jackson-module-parameter-names\2.10.1\jackson-module-parameter-names-2.10.1.jar;F:\mvnrepo\org\springframework\boot\spring-boot-starter-tomcat\2.2.2.RELEASE\spring-boot-starter-tomcat-2.2.2.RELEASE.jar;F:\mvnrepo\org\apache\tomcat\embed\tomcat-embed-core\9.0.29\tomcat-embed-core-9.0.29.jar;F:\mvnrepo\org\apache\tomcat\embed\tomcat-embed-el\9.0.29\tomcat-embed-el-9.0.29.jar;F:\mvnrepo\org\apache\tomcat\embed\tomcat-embed-websocket\9.0.29\tomcat-embed-websocket-9.0.29.jar;F:\mvnrepo\org\springframework\boot\spring-boot-starter-validation\2.2.2.RELEASE\spring-boot-starter-validation-2.2.2.RELEASE.jar;F:\mvnrepo\jakarta\validation\jakarta.validation-api\2.0.1\jakarta.validation-api-2.0.1.jar;F:\mvnrepo\org\hibernate\validator\hibernate-validator\6.0.18.Final\hibernate-validator-6.0.18.Final.jar;F:\mvnrepo\org\jboss\logging\jboss-logging\3.4.1.Final\jboss-logging-3.4.1.Final.jar;F:\mvnrepo\com\fasterxml\classmate\1.5.1\classmate-1.5.1.jar;F:\mvnrepo\org\springframework\spring-web\5.2.2.RELEASE\spring-web-5.2.2.RELEASE.jar;F:\mvnrepo\org\springframework\spring-beans\5.2.2.RELEASE\spring-beans-5.2.2.RELEASE.jar;F:\mvnrepo\org\springframework\spring-webmvc\5.2.2.RELEASE\spring-webmvc-5.2.2.RELEASE.jar;F:\mvnrepo\org\springframework\spring-aop\5.2.2.RELEASE\spring-aop-5.2.2.RELEASE.jar;F:\mvnrepo\org\springframework\spring-context\5.2.2.RELEASE\spring-context-5.2.2.RELEASE.jar;F:\mvnrepo\org\springframework\spring-expression\5.2.2.RELEASE\spring-expression-5.2.2.RELEASE.jar;F:\mvnrepo\org\mybatis\spring\boot\mybatis-spring-boot-starter\2.1.1\mybatis-spring-boot-starter-2.1.1.jar;F:\mvnrepo\org\springframework\boot\spring-boot-starter-jdbc\2.2.2.RELEASE\spring-boot-starter-jdbc-2.2.2.RELEASE.jar;F:\mvnrepo\com\zaxxer\HikariCP\3.4.1\HikariCP-3.4.1.jar;F:\mvnrepo\org\springframework\spring-jdbc\5.2.2.RELEASE\spring-jdbc-5.2.2.RELEASE.jar;F:\mvnrepo\org\springframework\spring-tx\5.2.2.RELEASE\spring-tx-5.2.2.RELEASE.jar;F:\mvnrepo\org\mybatis\spring\boot\mybatis-spring-boot-autoconfigure\2.1.1\mybatis-spring-boot-autoconfigure-2.1.1.jar;F:\mvnrepo\org\mybatis\mybatis\3.5.3\mybatis-3.5.3.jar;F:\mvnrepo\org\mybatis\mybatis-spring\2.0.3\mybatis-spring-2.0.3.jar;F:\mvnrepo\cn\easyproject\orai18n\12.1.0.2.0\orai18n-12.1.0.2.0.jar;F:\mvnrepo\org\springframework\boot\spring-boot-devtools\2.2.2.RELEASE\spring-boot-devtools-2.2.2.RELEASE.jar;F:\mvnrepo\org\springframework\boot\spring-boot\2.2.2.RELEASE\spring-boot-2.2.2.RELEASE.jar;F:\mvnrepo\org\springframework\boot\spring-boot-autoconfigure\2.2.2.RELEASE\spring-boot-autoconfigure-2.2.2.RELEASE.jar;F:\mvnrepo\com\oracle\ojdbc\ojdbc8\19.3.0.0\ojdbc8-19.3.0.0.jar;F:\mvnrepo\com\oracle\ojdbc\ucp\19.3.0.0\ucp-19.3.0.0.jar;F:\mvnrepo\com\oracle\ojdbc\oraclepki\19.3.0.0\oraclepki-19.3.0.0.jar;F:\mvnrepo\com\oracle\ojdbc\osdt_cert\19.3.0.0\osdt_cert-19.3.0.0.jar;F:\mvnrepo\com\oracle\ojdbc\osdt_core\19.3.0.0\osdt_core-19.3.0.0.jar;F:\mvnrepo\com\oracle\ojdbc\simplefan\19.3.0.0\simplefan-19.3.0.0.jar;F:\mvnrepo\com\oracle\ojdbc\ons\19.3.0.0\ons-19.3.0.0.jar;F:\mvnrepo\org\apache\shiro\shiro-spring\1.4.0\shiro-spring-1.4.0.jar;F:\mvnrepo\org\apache\shiro\shiro-core\1.4.0\shiro-core-1.4.0.jar;F:\mvnrepo\org\apache\shiro\shiro-lang\1.4.0\shiro-lang-1.4.0.jar;F:\mvnrepo\org\apache\shiro\shiro-cache\1.4.0\shiro-cache-1.4.0.jar;F:\mvnrepo\org\apache\shiro\shiro-crypto-hash\1.4.0\shiro-crypto-hash-1.4.0.jar;F:\mvnrepo\org\apache\shiro\shiro-crypto-core\1.4.0\shiro-crypto-core-1.4.0.jar;F:\mvnrepo\org\apache\shiro\shiro-crypto-cipher\1.4.0\shiro-crypto-cipher-1.4.0.jar;F:\mvnrepo\org\apache\shiro\shiro-config-core\1.4.0\shiro-config-core-1.4.0.jar;F:\mvnrepo\org\apache\shiro\shiro-config-ogdl\1.4.0\shiro-config-ogdl-1.4.0.jar;F:\mvnrepo\commons-beanutils\commons-beanutils\1.9.3\commons-beanutils-1.9.3.jar;F:\mvnrepo\commons-collections\commons-collections\3.2.2\commons-collections-3.2.2.jar;F:\mvnrepo\org\apache\shiro\shiro-event\1.4.0\shiro-event-1.4.0.jar;F:\mvnrepo\org\apache\shiro\shiro-web\1.4.0\shiro-web-1.4.0.jar;F:\mvnrepo\org\springframework\boot\spring-boot-starter-test\2.2.2.RELEASE\spring-boot-starter-test-2.2.2.RELEASE.jar;F:\mvnrepo\org\springframework\boot\spring-boot-test\2.2.2.RELEASE\spring-boot-test-2.2.2.RELEASE.jar;F:\mvnrepo\org\springframework\boot\spring-boot-test-autoconfigure\2.2.2.RELEASE\spring-boot-test-autoconfigure-2.2.2.RELEASE.jar;F:\mvnrepo\com\jayway\jsonpath\json-path\2.4.0\json-path-2.4.0.jar;F:\mvnrepo\net\minidev\json-smart\2.3\json-smart-2.3.jar;F:\mvnrepo\net\minidev\accessors-smart\1.2\accessors-smart-1.2.jar;F:\mvnrepo\org\ow2\asm\asm\5.0.4\asm-5.0.4.jar;F:\mvnrepo\jakarta\xml\bind\jakarta.xml.bind-api\2.3.2\jakarta.xml.bind-api-2.3.2.jar;F:\mvnrepo\jakarta\activation\jakarta.activation-api\1.2.1\jakarta.activation-api-1.2.1.jar;F:\mvnrepo\org\junit\jupiter\junit-jupiter\5.5.2\junit-jupiter-5.5.2.jar;F:\mvnrepo\org\junit\jupiter\junit-jupiter-api\5.5.2\junit-jupiter-api-5.5.2.jar;F:\mvnrepo\org\apiguardian\apiguardian-api\1.1.0\apiguardian-api-1.1.0.jar;F:\mvnrepo\org\opentest4j\opentest4j\1.2.0\opentest4j-1.2.0.jar;F:\mvnrepo\org\junit\platform\junit-platform-commons\1.5.2\junit-platform-commons-1.5.2.jar;F:\mvnrepo\org\junit\jupiter\junit-jupiter-params\5.5.2\junit-jupiter-params-5.5.2.jar;F:\mvnrepo\org\junit\jupiter\junit-jupiter-engine\5.5.2\junit-jupiter-engine-5.5.2.jar;F:\mvnrepo\org\junit\platform\junit-platform-engine\1.5.2\junit-platform-engine-1.5.2.jar;F:\mvnrepo\org\mockito\mockito-junit-jupiter\3.1.0\mockito-junit-jupiter-3.1.0.jar;F:\mvnrepo\org\assertj\assertj-core\3.13.2\assertj-core-3.13.2.jar;F:\mvnrepo\org\hamcrest\hamcrest\2.1\hamcrest-2.1.jar;F:\mvnrepo\org\mockito\mockito-core\3.1.0\mockito-core-3.1.0.jar;F:\mvnrepo\net\bytebuddy\byte-buddy\1.10.4\byte-buddy-1.10.4.jar;F:\mvnrepo\net\bytebuddy\byte-buddy-agent\1.10.4\byte-buddy-agent-1.10.4.jar;F:\mvnrepo\org\objenesis\objenesis\2.6\objenesis-2.6.jar;F:\mvnrepo\org\skyscreamer\jsonassert\1.5.0\jsonassert-1.5.0.jar;F:\mvnrepo\com\vaadin\external\google\android-json\0.0.20131108.vaadin1\android-json-0.0.20131108.vaadin1.jar;F:\mvnrepo\org\springframework\spring-core\5.2.2.RELEASE\spring-core-5.2.2.RELEASE.jar;F:\mvnrepo\org\springframework\spring-jcl\5.2.2.RELEASE\spring-jcl-5.2.2.RELEASE.jar;F:\mvnrepo\org\springframework\spring-test\5.2.2.RELEASE\spring-test-5.2.2.RELEASE.jar;F:\mvnrepo\org\xmlunit\xmlunit-core\2.6.3\xmlunit-core-2.6.3.jar;"/>
    <property name="java.vm.vendor" value="Oracle Corporation"/>
    <property name="sun.arch.data.model" value="64"/>
    <property name="user.variant" value=""/>
    <property name="java.vendor.url" value="http://java.oracle.com/"/>
    <property name="user.timezone" value="Asia/Shanghai"/>
    <property name="java.vm.specification.version" value="1.8"/>
    <property name="os.name" value="Windows 10"/>
    <property name="user.country" value="CN"/>
    <property name="sun.java.launcher" value="SUN_STANDARD"/>
    <property name="sun.boot.library.path" value="C:\javas\javajdk\jre\bin"/>
    <property name="sun.java.command" value="C:\Users\wd171\AppData\Local\Temp\surefire713935800584282836\surefirebooter3040402148924117617.jar C:\Users\wd171\AppData\Local\Temp\surefire713935800584282836 2020-01-16T15-59-25_840-jvmRun1 surefire5136638986954638723tmp surefire_04411600221813553974tmp"/>
    <property name="surefire.test.class.path" value="D:\xm\wansi\xiangmu\idea\hrdev\target\test-classes;D:\xm\wansi\xiangmu\idea\hrdev\target\classes;F:\mvnrepo\org\springframework\boot\spring-boot-starter-thymeleaf\2.2.2.RELEASE\spring-boot-starter-thymeleaf-2.2.2.RELEASE.jar;F:\mvnrepo\org\springframework\boot\spring-boot-starter\2.2.2.RELEASE\spring-boot-starter-2.2.2.RELEASE.jar;F:\mvnrepo\org\springframework\boot\spring-boot-starter-logging\2.2.2.RELEASE\spring-boot-starter-logging-2.2.2.RELEASE.jar;F:\mvnrepo\ch\qos\logback\logback-classic\1.2.3\logback-classic-1.2.3.jar;F:\mvnrepo\ch\qos\logback\logback-core\1.2.3\logback-core-1.2.3.jar;F:\mvnrepo\org\apache\logging\log4j\log4j-to-slf4j\2.12.1\log4j-to-slf4j-2.12.1.jar;F:\mvnrepo\org\apache\logging\log4j\log4j-api\2.12.1\log4j-api-2.12.1.jar;F:\mvnrepo\org\slf4j\jul-to-slf4j\1.7.29\jul-to-slf4j-1.7.29.jar;F:\mvnrepo\jakarta\annotation\jakarta.annotation-api\1.3.5\jakarta.annotation-api-1.3.5.jar;F:\mvnrepo\org\yaml\snakeyaml\1.25\snakeyaml-1.25.jar;F:\mvnrepo\org\thymeleaf\thymeleaf-spring5\3.0.11.RELEASE\thymeleaf-spring5-3.0.11.RELEASE.jar;F:\mvnrepo\org\thymeleaf\thymeleaf\3.0.11.RELEASE\thymeleaf-3.0.11.RELEASE.jar;F:\mvnrepo\org\attoparser\attoparser\2.0.5.RELEASE\attoparser-2.0.5.RELEASE.jar;F:\mvnrepo\org\unbescape\unbescape\1.1.6.RELEASE\unbescape-1.1.6.RELEASE.jar;F:\mvnrepo\org\slf4j\slf4j-api\1.7.29\slf4j-api-1.7.29.jar;F:\mvnrepo\org\thymeleaf\extras\thymeleaf-extras-java8time\3.0.4.RELEASE\thymeleaf-extras-java8time-3.0.4.RELEASE.jar;F:\mvnrepo\org\springframework\boot\spring-boot-starter-web\2.2.2.RELEASE\spring-boot-starter-web-2.2.2.RELEASE.jar;F:\mvnrepo\org\springframework\boot\spring-boot-starter-json\2.2.2.RELEASE\spring-boot-starter-json-2.2.2.RELEASE.jar;F:\mvnrepo\com\fasterxml\jackson\core\jackson-databind\2.10.1\jackson-databind-2.10.1.jar;F:\mvnrepo\com\fasterxml\jackson\core\jackson-annotations\2.10.1\jackson-annotations-2.10.1.jar;F:\mvnrepo\com\fasterxml\jackson\core\jackson-core\2.10.1\jackson-core-2.10.1.jar;F:\mvnrepo\com\fasterxml\jackson\datatype\jackson-datatype-jdk8\2.10.1\jackson-datatype-jdk8-2.10.1.jar;F:\mvnrepo\com\fasterxml\jackson\datatype\jackson-datatype-jsr310\2.10.1\jackson-datatype-jsr310-2.10.1.jar;F:\mvnrepo\com\fasterxml\jackson\module\jackson-module-parameter-names\2.10.1\jackson-module-parameter-names-2.10.1.jar;F:\mvnrepo\org\springframework\boot\spring-boot-starter-tomcat\2.2.2.RELEASE\spring-boot-starter-tomcat-2.2.2.RELEASE.jar;F:\mvnrepo\org\apache\tomcat\embed\tomcat-embed-core\9.0.29\tomcat-embed-core-9.0.29.jar;F:\mvnrepo\org\apache\tomcat\embed\tomcat-embed-el\9.0.29\tomcat-embed-el-9.0.29.jar;F:\mvnrepo\org\apache\tomcat\embed\tomcat-embed-websocket\9.0.29\tomcat-embed-websocket-9.0.29.jar;F:\mvnrepo\org\springframework\boot\spring-boot-starter-validation\2.2.2.RELEASE\spring-boot-starter-validation-2.2.2.RELEASE.jar;F:\mvnrepo\jakarta\validation\jakarta.validation-api\2.0.1\jakarta.validation-api-2.0.1.jar;F:\mvnrepo\org\hibernate\validator\hibernate-validator\6.0.18.Final\hibernate-validator-6.0.18.Final.jar;F:\mvnrepo\org\jboss\logging\jboss-logging\3.4.1.Final\jboss-logging-3.4.1.Final.jar;F:\mvnrepo\com\fasterxml\classmate\1.5.1\classmate-1.5.1.jar;F:\mvnrepo\org\springframework\spring-web\5.2.2.RELEASE\spring-web-5.2.2.RELEASE.jar;F:\mvnrepo\org\springframework\spring-beans\5.2.2.RELEASE\spring-beans-5.2.2.RELEASE.jar;F:\mvnrepo\org\springframework\spring-webmvc\5.2.2.RELEASE\spring-webmvc-5.2.2.RELEASE.jar;F:\mvnrepo\org\springframework\spring-aop\5.2.2.RELEASE\spring-aop-5.2.2.RELEASE.jar;F:\mvnrepo\org\springframework\spring-context\5.2.2.RELEASE\spring-context-5.2.2.RELEASE.jar;F:\mvnrepo\org\springframework\spring-expression\5.2.2.RELEASE\spring-expression-5.2.2.RELEASE.jar;F:\mvnrepo\org\mybatis\spring\boot\mybatis-spring-boot-starter\2.1.1\mybatis-spring-boot-starter-2.1.1.jar;F:\mvnrepo\org\springframework\boot\spring-boot-starter-jdbc\2.2.2.RELEASE\spring-boot-starter-jdbc-2.2.2.RELEASE.jar;F:\mvnrepo\com\zaxxer\HikariCP\3.4.1\HikariCP-3.4.1.jar;F:\mvnrepo\org\springframework\spring-jdbc\5.2.2.RELEASE\spring-jdbc-5.2.2.RELEASE.jar;F:\mvnrepo\org\springframework\spring-tx\5.2.2.RELEASE\spring-tx-5.2.2.RELEASE.jar;F:\mvnrepo\org\mybatis\spring\boot\mybatis-spring-boot-autoconfigure\2.1.1\mybatis-spring-boot-autoconfigure-2.1.1.jar;F:\mvnrepo\org\mybatis\mybatis\3.5.3\mybatis-3.5.3.jar;F:\mvnrepo\org\mybatis\mybatis-spring\2.0.3\mybatis-spring-2.0.3.jar;F:\mvnrepo\cn\easyproject\orai18n\12.1.0.2.0\orai18n-12.1.0.2.0.jar;F:\mvnrepo\org\springframework\boot\spring-boot-devtools\2.2.2.RELEASE\spring-boot-devtools-2.2.2.RELEASE.jar;F:\mvnrepo\org\springframework\boot\spring-boot\2.2.2.RELEASE\spring-boot-2.2.2.RELEASE.jar;F:\mvnrepo\org\springframework\boot\spring-boot-autoconfigure\2.2.2.RELEASE\spring-boot-autoconfigure-2.2.2.RELEASE.jar;F:\mvnrepo\com\oracle\ojdbc\ojdbc8\19.3.0.0\ojdbc8-19.3.0.0.jar;F:\mvnrepo\com\oracle\ojdbc\ucp\19.3.0.0\ucp-19.3.0.0.jar;F:\mvnrepo\com\oracle\ojdbc\oraclepki\19.3.0.0\oraclepki-19.3.0.0.jar;F:\mvnrepo\com\oracle\ojdbc\osdt_cert\19.3.0.0\osdt_cert-19.3.0.0.jar;F:\mvnrepo\com\oracle\ojdbc\osdt_core\19.3.0.0\osdt_core-19.3.0.0.jar;F:\mvnrepo\com\oracle\ojdbc\simplefan\19.3.0.0\simplefan-19.3.0.0.jar;F:\mvnrepo\com\oracle\ojdbc\ons\19.3.0.0\ons-19.3.0.0.jar;F:\mvnrepo\org\apache\shiro\shiro-spring\1.4.0\shiro-spring-1.4.0.jar;F:\mvnrepo\org\apache\shiro\shiro-core\1.4.0\shiro-core-1.4.0.jar;F:\mvnrepo\org\apache\shiro\shiro-lang\1.4.0\shiro-lang-1.4.0.jar;F:\mvnrepo\org\apache\shiro\shiro-cache\1.4.0\shiro-cache-1.4.0.jar;F:\mvnrepo\org\apache\shiro\shiro-crypto-hash\1.4.0\shiro-crypto-hash-1.4.0.jar;F:\mvnrepo\org\apache\shiro\shiro-crypto-core\1.4.0\shiro-crypto-core-1.4.0.jar;F:\mvnrepo\org\apache\shiro\shiro-crypto-cipher\1.4.0\shiro-crypto-cipher-1.4.0.jar;F:\mvnrepo\org\apache\shiro\shiro-config-core\1.4.0\shiro-config-core-1.4.0.jar;F:\mvnrepo\org\apache\shiro\shiro-config-ogdl\1.4.0\shiro-config-ogdl-1.4.0.jar;F:\mvnrepo\commons-beanutils\commons-beanutils\1.9.3\commons-beanutils-1.9.3.jar;F:\mvnrepo\commons-collections\commons-collections\3.2.2\commons-collections-3.2.2.jar;F:\mvnrepo\org\apache\shiro\shiro-event\1.4.0\shiro-event-1.4.0.jar;F:\mvnrepo\org\apache\shiro\shiro-web\1.4.0\shiro-web-1.4.0.jar;F:\mvnrepo\org\springframework\boot\spring-boot-starter-test\2.2.2.RELEASE\spring-boot-starter-test-2.2.2.RELEASE.jar;F:\mvnrepo\org\springframework\boot\spring-boot-test\2.2.2.RELEASE\spring-boot-test-2.2.2.RELEASE.jar;F:\mvnrepo\org\springframework\boot\spring-boot-test-autoconfigure\2.2.2.RELEASE\spring-boot-test-autoconfigure-2.2.2.RELEASE.jar;F:\mvnrepo\com\jayway\jsonpath\json-path\2.4.0\json-path-2.4.0.jar;F:\mvnrepo\net\minidev\json-smart\2.3\json-smart-2.3.jar;F:\mvnrepo\net\minidev\accessors-smart\1.2\accessors-smart-1.2.jar;F:\mvnrepo\org\ow2\asm\asm\5.0.4\asm-5.0.4.jar;F:\mvnrepo\jakarta\xml\bind\jakarta.xml.bind-api\2.3.2\jakarta.xml.bind-api-2.3.2.jar;F:\mvnrepo\jakarta\activation\jakarta.activation-api\1.2.1\jakarta.activation-api-1.2.1.jar;F:\mvnrepo\org\junit\jupiter\junit-jupiter\5.5.2\junit-jupiter-5.5.2.jar;F:\mvnrepo\org\junit\jupiter\junit-jupiter-api\5.5.2\junit-jupiter-api-5.5.2.jar;F:\mvnrepo\org\apiguardian\apiguardian-api\1.1.0\apiguardian-api-1.1.0.jar;F:\mvnrepo\org\opentest4j\opentest4j\1.2.0\opentest4j-1.2.0.jar;F:\mvnrepo\org\junit\platform\junit-platform-commons\1.5.2\junit-platform-commons-1.5.2.jar;F:\mvnrepo\org\junit\jupiter\junit-jupiter-params\5.5.2\junit-jupiter-params-5.5.2.jar;F:\mvnrepo\org\junit\jupiter\junit-jupiter-engine\5.5.2\junit-jupiter-engine-5.5.2.jar;F:\mvnrepo\org\junit\platform\junit-platform-engine\1.5.2\junit-platform-engine-1.5.2.jar;F:\mvnrepo\org\mockito\mockito-junit-jupiter\3.1.0\mockito-junit-jupiter-3.1.0.jar;F:\mvnrepo\org\assertj\assertj-core\3.13.2\assertj-core-3.13.2.jar;F:\mvnrepo\org\hamcrest\hamcrest\2.1\hamcrest-2.1.jar;F:\mvnrepo\org\mockito\mockito-core\3.1.0\mockito-core-3.1.0.jar;F:\mvnrepo\net\bytebuddy\byte-buddy\1.10.4\byte-buddy-1.10.4.jar;F:\mvnrepo\net\bytebuddy\byte-buddy-agent\1.10.4\byte-buddy-agent-1.10.4.jar;F:\mvnrepo\org\objenesis\objenesis\2.6\objenesis-2.6.jar;F:\mvnrepo\org\skyscreamer\jsonassert\1.5.0\jsonassert-1.5.0.jar;F:\mvnrepo\com\vaadin\external\google\android-json\0.0.20131108.vaadin1\android-json-0.0.20131108.vaadin1.jar;F:\mvnrepo\org\springframework\spring-core\5.2.2.RELEASE\spring-core-5.2.2.RELEASE.jar;F:\mvnrepo\org\springframework\spring-jcl\5.2.2.RELEASE\spring-jcl-5.2.2.RELEASE.jar;F:\mvnrepo\org\springframework\spring-test\5.2.2.RELEASE\spring-test-5.2.2.RELEASE.jar;F:\mvnrepo\org\xmlunit\xmlunit-core\2.6.3\xmlunit-core-2.6.3.jar;"/>
    <property name="sun.cpu.endian" value="little"/>
    <property name="user.home" value="C:\Users\wd171"/>
    <property name="user.language" value="zh"/>
    <property name="java.specification.vendor" value="Oracle Corporation"/>
    <property name="java.home" value="C:\javas\javajdk\jre"/>
    <property name="basedir" value="D:\xm\wansi\xiangmu\idea\hrdev"/>
    <property name="file.separator" value="\"/>
    <property name="line.separator" value="&#10;"/>
    <property name="java.vm.specification.vendor" value="Oracle Corporation"/>
    <property name="java.specification.name" value="Java Platform API Specification"/>
    <property name="java.awt.graphicsenv" value="sun.awt.Win32GraphicsEnvironment"/>
    <property name="surefire.real.class.path" value="C:\Users\wd171\AppData\Local\Temp\surefire713935800584282836\surefirebooter3040402148924117617.jar"/>
    <property name="sun.boot.class.path" value="C:\javas\javajdk\jre\lib\resources.jar;C:\javas\javajdk\jre\lib\rt.jar;C:\javas\javajdk\jre\lib\sunrsasign.jar;C:\javas\javajdk\jre\lib\jsse.jar;C:\javas\javajdk\jre\lib\jce.jar;C:\javas\javajdk\jre\lib\charsets.jar;C:\javas\javajdk\jre\lib\jfr.jar;C:\javas\javajdk\jre\classes"/>
    <property name="user.script" value=""/>
    <property name="sun.management.compiler" value="HotSpot 64-Bit Tiered Compilers"/>
    <property name="java.runtime.version" value="1.8.0_181-b13"/>
    <property name="user.name" value="wd171"/>
    <property name="path.separator" value=";"/>
    <property name="os.version" value="10.0"/>
    <property name="java.endorsed.dirs" value="C:\javas\javajdk\jre\lib\endorsed"/>
    <property name="java.runtime.name" value="Java(TM) SE Runtime Environment"/>
    <property name="file.encoding" value="GBK"/>
    <property name="java.vm.name" value="Java HotSpot(TM) 64-Bit Server VM"/>
    <property name="localRepository" value="F:\mvnrepo"/>
    <property name="java.vendor.url.bug" value="http://bugreport.sun.com/bugreport/"/>
    <property name="java.io.tmpdir" value="C:\Users\wd171\AppData\Local\Temp\"/>
    <property name="java.version" value="1.8.0_181"/>
    <property name="user.dir" value="D:\xm\wansi\xiangmu\idea\hrdev"/>
    <property name="os.arch" value="amd64"/>
    <property name="java.vm.specification.name" value="Java Virtual Machine Specification"/>
    <property name="java.awt.printerjob" value="sun.awt.windows.WPrinterJob"/>
    <property name="sun.os.patch.level" value=""/>
    <property name="java.library.path" value="C:\javas\javajdk\jre\bin;C:\Windows\Sun\Java\bin;C:\Windows\system32;C:\Windows;C:\Program Files (x86)\Common Files\Oracle\Java\javapath;C:\ProgramData\Oracle\Java\javapath;D:\app\product\11.2.0\dbhome_1\bin;C:\Windows\system32;C:\Windows;C:\Windows\System32\Wbem;C:\Windows\System32\WindowsPowerShell\v1.0\;C:\Windows\System32\OpenSSH\;C:\java\javajdk\bin;D:\Tomcat\apache-tomcat-8.0.50\lib;D:\Tomcat\apache-tomcat-8.0.50\bin;F:\1805-jt\apache-maven-3.5.4\bin;C:\Program Files\TortoiseSVN\bin;C:\Program Files\MySQL\MySQL Server 5.5\bin;C:\Program Files\nodejs\;D:\soft\Git\cmd;C:\Users\wd171\AppData\Local\Microsoft\WindowsApps;C:\Users\wd171\AppData\Roaming\npm;."/>
    <property name="java.vm.info" value="mixed mode"/>
    <property name="java.vendor" value="Oracle Corporation"/>
    <property name="java.vm.version" value="25.181-b13"/>
    <property name="idea.version2019.3" value="true"/>
    <property name="java.ext.dirs" value="C:\javas\javajdk\jre\lib\ext;C:\Windows\Sun\Java\lib\ext"/>
    <property name="sun.io.unicode.encoding" value="UnicodeLittle"/>
    <property name="java.class.version" value="52.0"/>
  </properties>
  <testcase name="contextLoads" classname="com.example.hrdev.HrDevApplicationTests" time="0.737"/>
</testsuite>